<?xml version="1.0" encoding="UTF-8"?>
<!-- Generated by org.testng.reporters.JUnitXMLReporter -->
<testsuite ignored="0" hostname="Magic" failures="0" tests="3" name="BatchTest" time="1.952" errors="0" timestamp="2023-08-07T14:40:23 IST">
  <testcase classname="com.TestNG.Practice.TestNG_AnnoTations_Test" name="testMethod" time="0.003"/>
  <testcase classname="com.TestNG.Practice.TestNG_AnnoTations_Test" name="testMethod2" time="0.001"/>
  <testcase classname="com.TestNG.Practice.TestPractice_Test" name="testingOnly" time="0.001"/>
</testsuite> <!-- BatchTest -->
