<?xml version="1.0" encoding="UTF-8"?>
<testng-results ignored="0" total="2" passed="2" failed="0" skipped="0">
  <reporter-output>
  </reporter-output>
  <suite started-at="2023-08-15T23:03:30 IST" name="Default suite" finished-at="2023-08-15T23:03:30 IST" duration-ms="35">
    <groups>
    </groups>
    <test started-at="2023-08-15T23:03:30 IST" name="Default test" finished-at="2023-08-15T23:03:30 IST" duration-ms="35">
      <class name="com.practice.DemoTest">
        <test-method is-config="true" signature="launchBrowser()[pri:0, instance:com.practice.DemoTest@815b41f]" started-at="2023-08-15T23:03:30 IST" name="launchBrowser" finished-at="2023-08-15T23:03:30 IST" duration-ms="7" status="PASS">
          <reporter-output>
          </reporter-output>
        </test-method> <!-- launchBrowser -->
        <test-method is-config="true" signature="launchApplication()[pri:0, instance:com.practice.DemoTest@815b41f]" started-at="2023-08-15T23:03:30 IST" name="launchApplication" finished-at="2023-08-15T23:03:30 IST" duration-ms="0" status="PASS">
          <reporter-output>
          </reporter-output>
        </test-method> <!-- launchApplication -->
        <test-method is-config="true" signature="openDBConnection()[pri:0, instance:com.practice.DemoTest@815b41f]" started-at="2023-08-15T23:03:30 IST" name="openDBConnection" finished-at="2023-08-15T23:03:30 IST" duration-ms="0" status="PASS">
          <reporter-output>
          </reporter-output>
        </test-method> <!-- openDBConnection -->
        <test-method signature="testm1()[pri:0, instance:com.practice.DemoTest@815b41f]" started-at="2023-08-15T23:03:30 IST" name="testm1" finished-at="2023-08-15T23:03:30 IST" duration-ms="3" status="PASS">
          <reporter-output>
          </reporter-output>
        </test-method> <!-- testm1 -->
        <test-method is-config="true" signature="openDBConnection()[pri:0, instance:com.practice.DemoTest@815b41f]" started-at="2023-08-15T23:03:30 IST" name="openDBConnection" finished-at="2023-08-15T23:03:30 IST" duration-ms="1" status="PASS">
          <reporter-output>
          </reporter-output>
        </test-method> <!-- openDBConnection -->
        <test-method signature="testm1()[pri:0, instance:com.practice.DemoTest@815b41f]" started-at="2023-08-15T23:03:30 IST" name="testm1" finished-at="2023-08-15T23:03:30 IST" duration-ms="0" status="PASS">
          <reporter-output>
          </reporter-output>
        </test-method> <!-- testm1 -->
      </class> <!-- com.practice.DemoTest -->
    </test> <!-- Default test -->
  </suite> <!-- Default suite -->
</testng-results>
