<?xml version="1.0" encoding="UTF-8"?>
<testng-results ignored="0" total="1" passed="1" failed="0" skipped="0">
  <reporter-output>
  </reporter-output>
  <suite started-at="2023-09-29T14:57:56 IST" name="Default suite" finished-at="2023-09-29T14:58:09 IST" duration-ms="12732">
    <groups>
    </groups>
    <test started-at="2023-09-29T14:57:56 IST" name="Default test" finished-at="2023-09-29T14:58:09 IST" duration-ms="12732">
      <class name="com.practice.BrokenLink_uidai_Test">
        <test-method signature="method98()[pri:0, instance:com.practice.BrokenLink_uidai_Test@5b239d7d]" started-at="2023-09-29T14:57:56 IST" name="method98" finished-at="2023-09-29T14:58:09 IST" duration-ms="12709" status="PASS">
          <reporter-output>
          </reporter-output>
        </test-method> <!-- method98 -->
      </class> <!-- com.practice.BrokenLink_uidai_Test -->
    </test> <!-- Default test -->
  </suite> <!-- Default suite -->
</testng-results>
